<?xml version="1.0" encoding="UTF-8"?>
<!-- Generated by org.testng.reporters.JUnitReportReporter -->
<testsuite hostname="DESKTOP-JUH9D37" failures="0" tests="1" name="testCases.TC_002_LoginTest" time="1.630" errors="0" timestamp="2024-02-06T13:12:22 IST" skipped="0">
  <testcase classname="testCases.TC_002_LoginTest" name="test_Login" time="1.630"/>
</testsuite> <!-- testCases.TC_002_LoginTest -->
